<?xml version="1.0" encoding="UTF-8"?>
<testsuite name="mooc.vandy.java4android.buildings.logic.AutoGraderPreview" tests="1" skipped="0" failures="0" errors="0" timestamp="2021-12-07T02:51:35" hostname="DESKTOP-Q394C59" time="0.049">
  <properties/>
  <testcase name="graderPreview" classname="mooc.vandy.java4android.buildings.logic.AutoGraderPreview" time="0.049"/>
  <system-out><![CDATA[

Your assignment HAS NOT BEEN SUBMITTED. The following test results only
estimate your grade.


Your estimated score is: 18.0/18
(This is not your actual grade for this assignment, just an estimate. Your
official grade will be calculated after you submit your submission.zip file to
Coursera.


------------------------------Assignment Evaluation-----------------------------
--------Your solution received points for the following grading rubrics:--------


testOfficeLotArea
Rubric Score: 1.0/1.0
Goal: The goal of this evaluation is to testOfficeLotArea
Reference: This Test fails when: The Office lot area miscalculated - check class
hierarchy

testBuildingArea
Rubric Score: 1.0/1.0
Goal: The goal of this evaluation is to testBuildingArea
Reference: This Test fails when: The Building area miscalculated

testOfficeString
Rubric Score: 1.0/1.0
Goal: The goal of this evaluation is to testOfficeString
Reference: This Test fails when: The Office toString() method is incorrect

testOfficeArea
Rubric Score: 1.0/1.0
Goal: The goal of this evaluation is to testOfficeArea
Reference: This Test fails when: The Office area miscalculated - check class
hierarchy

testSetSpaces
Rubric Score: 1.0/1.0
Goal: The goal of this evaluation is to testSetSpaces
Reference: This Test fails when: The Number of parking spaces was set
incorrectly

testHousePool
Rubric Score: 1.0/1.0
Goal: The goal of this evaluation is to testHousePool
Reference: This Test fails when: The House class is incorrect with having a pool

testHouseEquals
Rubric Score: 1.0/1.0
Goal: The goal of this evaluation is to testHouseEquals
Reference: This Test fails when: The House equals method failed

testHouseAreas
Rubric Score: 1.0/1.0
Goal: The goal of this evaluation is to testHouseAreas
Reference: This Test fails when: The House area/lot area miscalculated - check
class hierarchy

testOfficeEquals
Rubric Score: 1.0/1.0
Goal: The goal of this evaluation is to testOfficeEquals
Reference: This Test fails when: The Office equals() is wrong

testHouseOwner
Rubric Score: 1.0/1.0
Goal: The goal of this evaluation is to testHouseOwner
Reference: This Test fails when: The House owner was incorrect

testHouseToString
Rubric Score: 1.0/1.0
Goal: The goal of this evaluation is to testHouseToString
Reference: This Test fails when: The House.toString() produced unexpected output

testNeighborhoodArea
Rubric Score: 1.0/1.0
Goal: The goal of this evaluation is to testNeighborhoodArea
Reference: This Test fails when: The Neighborhood area calculation was wrong

testOfficeConstructor
Rubric Score: 1.0/1.0
Goal: The goal of this evaluation is to testOfficeConstructor
Reference: This Test fails when: The Office doesn't have 0 default parking spots

testBuildingSetAndGet
Rubric Score: 2.0/2.0
Goal: The goal of this evaluation is to testBuildingSetAndGet
Reference: This Test fails when: 1 or more of the Building.Set/Get had a problem

testBuildingLotArea
Rubric Score: 1.0/1.0
Goal: The goal of this evaluation is to testBuildingLotArea
Reference: This Test fails when: The Building lot area miscalculated

testCottageSecondFloor
Rubric Score: 1.0/1.0
Goal: The goal of this evaluation is to testCottageSecondFloor
Reference: This Test fails when: The Two story cottage failed

testCottageSingleFloor
Rubric Score: 1.0/1.0
Goal: The goal of this evaluation is to testCottageSingleFloor
Reference: This Test fails when: The Single story cottage failed


]]></system-out>
  <system-err><![CDATA[]]></system-err>
</testsuite>
