<?xml version="1.0" encoding="UTF-8"?>
<testsuite name="mooc.vandy.java4android.gate.logic.UnitTests" tests="10" skipped="0" failures="0" errors="0" timestamp="2021-12-07T02:33:16" hostname="DESKTOP-Q394C59" time="0.022">
  <properties/>
  <testcase name="testCorralSnailOutput" classname="mooc.vandy.java4android.gate.logic.UnitTests" time="0.003"/>
  <testcase name="testSimulateHerdOutput" classname="mooc.vandy.java4android.gate.logic.UnitTests" time="0.004"/>
  <testcase name="test24InHerd" classname="mooc.vandy.java4android.gate.logic.UnitTests" time="0.002"/>
  <testcase name="testSetCorralGates" classname="mooc.vandy.java4android.gate.logic.UnitTests" time="0.002"/>
  <testcase name="testSetGatesOut" classname="mooc.vandy.java4android.gate.logic.UnitTests" time="0.0"/>
  <testcase name="testEntryDown" classname="mooc.vandy.java4android.gate.logic.UnitTests" time="0.001"/>
  <testcase name="testAnyCorralAvailable" classname="mooc.vandy.java4android.gate.logic.UnitTests" time="0.001"/>
  <testcase name="testExitUp" classname="mooc.vandy.java4android.gate.logic.UnitTests" time="0.0"/>
  <testcase name="testClosedNone" classname="mooc.vandy.java4android.gate.logic.UnitTests" time="0.0"/>
  <testcase name="testSetGatesIn" classname="mooc.vandy.java4android.gate.logic.UnitTests" time="0.007"/>
  <system-out><![CDATA[]]></system-out>
  <system-err><![CDATA[]]></system-err>
</testsuite>
